<?xml version="1.0" encoding="UTF-8"?>
<testsuite xmlns:xsi="http://www.w3.org/2001/XMLSchema-instance" xsi:noNamespaceSchemaLocation="https://maven.apache.org/surefire/maven-surefire-plugin/xsd/surefire-test-report-3.0.xsd" version="3.0" name="FilmRepositoryTest" time="5.115" tests="1" errors="0" skipped="0" failures="0">
  <properties>
    <property name="java.specification.version" value="17"/>
    <property name="test.url" value="http://localhost:8081"/>
    <property name="sun.jnu.encoding" value="UTF-8"/>
    <property name="java.class.path" value="/Users/juliagustafsson/Documents/Speedment/Github/freeCodeCamp-tutorial/target/test-classes:/Users/juliagustafsson/Documents/Speedment/Github/freeCodeCamp-tutorial/target/classes:/Users/juliagustafsson/.m2/repository/io/quarkus/quarkus-resteasy-reactive-jackson/3.1.3.Final/quarkus-resteasy-reactive-jackson-3.1.3.Final.jar:/Users/juliagustafsson/.m2/repository/io/quarkus/quarkus-resteasy-reactive/3.1.3.Final/quarkus-resteasy-reactive-3.1.3.Final.jar:/Users/juliagustafsson/.m2/repository/io/quarkus/quarkus-resteasy-reactive-common/3.1.3.Final/quarkus-resteasy-reactive-common-3.1.3.Final.jar:/Users/juliagustafsson/.m2/repository/io/quarkus/resteasy/reactive/resteasy-reactive-common/3.1.3.Final/resteasy-reactive-common-3.1.3.Final.jar:/Users/juliagustafsson/.m2/repository/io/quarkus/resteasy/reactive/resteasy-reactive-common-types/3.1.3.Final/resteasy-reactive-common-types-3.1.3.Final.jar:/Users/juliagustafsson/.m2/repository/org/reactivestreams/reactive-streams/1.0.4/reactive-streams-1.0.4.jar:/Users/juliagustafsson/.m2/repository/io/quarkus/resteasy/reactive/resteasy-reactive-vertx/3.1.3.Final/resteasy-reactive-vertx-3.1.3.Final.jar:/Users/juliagustafsson/.m2/repository/io/smallrye/reactive/smallrye-mutiny-vertx-core/3.5.0/smallrye-mutiny-vertx-core-3.5.0.jar:/Users/juliagustafsson/.m2/repository/io/smallrye/reactive/smallrye-mutiny-vertx-runtime/3.5.0/smallrye-mutiny-vertx-runtime-3.5.0.jar:/Users/juliagustafsson/.m2/repository/io/smallrye/reactive/vertx-mutiny-generator/3.5.0/vertx-mutiny-generator-3.5.0.jar:/Users/juliagustafsson/.m2/repository/io/vertx/vertx-codegen/4.4.4/vertx-codegen-4.4.4.jar:/Users/juliagustafsson/.m2/repository/io/quarkus/resteasy/reactive/resteasy-reactive/3.1.3.Final/resteasy-reactive-3.1.3.Final.jar:/Users/juliagustafsson/.m2/repository/jakarta/ws/rs/jakarta.ws.rs-api/3.1.0/jakarta.ws.rs-api-3.1.0.jar:/Users/juliagustafsson/.m2/repository/io/quarkus/quarkus-jsonp/3.1.3.Final/quarkus-jsonp-3.1.3.Final.jar:/Users/juliagustafsson/.m2/repository/org/eclipse/parsson/parsson/1.1.1/parsson-1.1.1.jar:/Users/juliagustafsson/.m2/repository/jakarta/json/jakarta.json-api/2.1.1/jakarta.json-api-2.1.1.jar:/Users/juliagustafsson/.m2/repository/io/quarkus/quarkus-resteasy-reactive-jackson-common/3.1.3.Final/quarkus-resteasy-reactive-jackson-common-3.1.3.Final.jar:/Users/juliagustafsson/.m2/repository/io/quarkus/resteasy/reactive/resteasy-reactive-jackson/3.1.3.Final/resteasy-reactive-jackson-3.1.3.Final.jar:/Users/juliagustafsson/.m2/repository/io/quarkus/quarkus-jackson/3.1.3.Final/quarkus-jackson-3.1.3.Final.jar:/Users/juliagustafsson/.m2/repository/com/fasterxml/jackson/datatype/jackson-datatype-jsr310/2.15.2/jackson-datatype-jsr310-2.15.2.jar:/Users/juliagustafsson/.m2/repository/com/fasterxml/jackson/datatype/jackson-datatype-jdk8/2.15.2/jackson-datatype-jdk8-2.15.2.jar:/Users/juliagustafsson/.m2/repository/com/fasterxml/jackson/module/jackson-module-parameter-names/2.15.2/jackson-module-parameter-names-2.15.2.jar:/Users/juliagustafsson/.m2/repository/io/quarkiverse/jpastreamer/quarkus-jpastreamer/3.0.3.Final/quarkus-jpastreamer-3.0.3.Final.jar:/Users/juliagustafsson/.m2/repository/com/speedment/jpastreamer/jpastreamer-core/3.0.4/jpastreamer-core-3.0.4.jar:/Users/juliagustafsson/.m2/repository/jakarta/persistence/jakarta.persistence-api/3.1.0/jakarta.persistence-api-3.1.0.jar:/Users/juliagustafsson/.m2/repository/com/speedment/jpastreamer/field/3.0.4/field-3.0.4.jar:/Users/juliagustafsson/.m2/repository/com/speedment/common/invariant/3.2.10/invariant-3.2.10.jar:/Users/juliagustafsson/.m2/repository/com/speedment/common/function/3.2.10/function-3.2.10.jar:/Users/juliagustafsson/.m2/repository/com/speedment/runtime/runtime-compute/3.2.10/runtime-compute-3.2.10.jar:/Users/juliagustafsson/.m2/repository/com/speedment/jpastreamer/application-standard/3.0.4/application-standard-3.0.4.jar:/Users/juliagustafsson/.m2/repository/com/speedment/jpastreamer/application/3.0.4/application-3.0.4.jar:/Users/juliagustafsson/.m2/repository/com/speedment/jpastreamer/projection/3.0.4/projection-3.0.4.jar:/Users/juliagustafsson/.m2/repository/com/speedment/jpastreamer/pipeline/3.0.4/pipeline-3.0.4.jar:/Users/juliagustafsson/.m2/repository/com/speedment/jpastreamer/streamconfiguration/3.0.4/streamconfiguration-3.0.4.jar:/Users/juliagustafsson/.m2/repository/com/speedment/jpastreamer/renderer/3.0.4/renderer-3.0.4.jar:/Users/juliagustafsson/.m2/repository/com/speedment/jpastreamer/builder/3.0.4/builder-3.0.4.jar:/Users/juliagustafsson/.m2/repository/com/speedment/jpastreamer/autoclose/3.0.4/autoclose-3.0.4.jar:/Users/juliagustafsson/.m2/repository/com/speedment/jpastreamer/appinfo/3.0.4/appinfo-3.0.4.jar:/Users/juliagustafsson/.m2/repository/com/speedment/jpastreamer/rootfactory/3.0.4/rootfactory-3.0.4.jar:/Users/juliagustafsson/.m2/repository/com/speedment/jpastreamer/streamconfiguration-standard/3.0.4/streamconfiguration-standard-3.0.4.jar:/Users/juliagustafsson/.m2/repository/com/speedment/jpastreamer/pipeline-standard/3.0.4/pipeline-standard-3.0.4.jar:/Users/juliagustafsson/.m2/repository/com/speedment/jpastreamer/javasixteen/3.0.4/javasixteen-3.0.4.jar:/Users/juliagustafsson/.m2/repository/com/speedment/jpastreamer/renderer-standard/3.0.4/renderer-standard-3.0.4.jar:/Users/juliagustafsson/.m2/repository/com/speedment/jpastreamer/criteria/3.0.4/criteria-3.0.4.jar:/Users/juliagustafsson/.m2/repository/com/speedment/jpastreamer/merger/3.0.4/merger-3.0.4.jar:/Users/juliagustafsson/.m2/repository/com/speedment/jpastreamer/interopoptimizer/3.0.4/interopoptimizer-3.0.4.jar:/Users/juliagustafsson/.m2/repository/com/speedment/jpastreamer/termopmodifier/3.0.4/termopmodifier-3.0.4.jar:/Users/juliagustafsson/.m2/repository/com/speedment/jpastreamer/termopoptimizer/3.0.4/termopoptimizer-3.0.4.jar:/Users/juliagustafsson/.m2/repository/com/speedment/jpastreamer/criteria-standard/3.0.4/criteria-standard-3.0.4.jar:/Users/juliagustafsson/.m2/repository/com/speedment/jpastreamer/exception/3.0.4/exception-3.0.4.jar:/Users/juliagustafsson/.m2/repository/com/speedment/jpastreamer/merger-standard/3.0.4/merger-standard-3.0.4.jar:/Users/juliagustafsson/.m2/repository/com/speedment/jpastreamer/builder-standard/3.0.4/builder-standard-3.0.4.jar:/Users/juliagustafsson/.m2/repository/com/speedment/jpastreamer/autoclose-standard/3.0.4/autoclose-standard-3.0.4.jar:/Users/juliagustafsson/.m2/repository/com/speedment/jpastreamer/interopoptimizer-standard/3.0.4/interopoptimizer-standard-3.0.4.jar:/Users/juliagustafsson/.m2/repository/com/speedment/jpastreamer/fieldgenerator-standard/3.0.4/fieldgenerator-standard-3.0.4.jar:/Users/juliagustafsson/.m2/repository/com/speedment/common/codegen/3.2.10/codegen-3.2.10.jar:/Users/juliagustafsson/.m2/repository/com/google/auto/service/auto-service-annotations/1.0.1/auto-service-annotations-1.0.1.jar:/Users/juliagustafsson/.m2/repository/com/speedment/jpastreamer/appinfo-standard/3.0.4/appinfo-standard-3.0.4.jar:/Users/juliagustafsson/.m2/repository/com/speedment/jpastreamer/termopmodifier-standard/3.0.4/termopmodifier-standard-3.0.4.jar:/Users/juliagustafsson/.m2/repository/com/speedment/jpastreamer/termopoptimizer-standard/3.0.4/termopoptimizer-standard-3.0.4.jar:/Users/juliagustafsson/.m2/repository/com/speedment/jpastreamer/announcer/3.0.4/announcer-3.0.4.jar:/Users/juliagustafsson/.m2/repository/io/quarkus/quarkus-hibernate-orm-panache/3.1.3.Final/quarkus-hibernate-orm-panache-3.1.3.Final.jar:/Users/juliagustafsson/.m2/repository/io/quarkus/quarkus-hibernate-orm/3.1.3.Final/quarkus-hibernate-orm-3.1.3.Final.jar:/Users/juliagustafsson/.m2/repository/io/quarkus/quarkus-agroal/3.1.3.Final/quarkus-agroal-3.1.3.Final.jar:/Users/juliagustafsson/.m2/repository/io/quarkus/quarkus-datasource/3.1.3.Final/quarkus-datasource-3.1.3.Final.jar:/Users/juliagustafsson/.m2/repository/io/quarkus/quarkus-datasource-common/3.1.3.Final/quarkus-datasource-common-3.1.3.Final.jar:/Users/juliagustafsson/.m2/repository/io/agroal/agroal-api/2.1/agroal-api-2.1.jar:/Users/juliagustafsson/.m2/repository/io/agroal/agroal-narayana/2.1/agroal-narayana-2.1.jar:/Users/juliagustafsson/.m2/repository/org/jboss/jboss-transaction-spi/8.0.0.Final/jboss-transaction-spi-8.0.0.Final.jar:/Users/juliagustafsson/.m2/repository/io/agroal/agroal-pool/2.1/agroal-pool-2.1.jar:/Users/juliagustafsson/.m2/repository/io/quarkus/quarkus-narayana-jta/3.1.3.Final/quarkus-narayana-jta-3.1.3.Final.jar:/Users/juliagustafsson/.m2/repository/io/quarkus/quarkus-transaction-annotations/3.1.3.Final/quarkus-transaction-annotations-3.1.3.Final.jar:/Users/juliagustafsson/.m2/repository/io/smallrye/smallrye-context-propagation-jta/2.1.0/smallrye-context-propagation-jta-2.1.0.jar:/Users/juliagustafsson/.m2/repository/io/smallrye/reactive/smallrye-reactive-converter-api/3.0.0/smallrye-reactive-converter-api-3.0.0.jar:/Users/juliagustafsson/.m2/repository/io/smallrye/reactive/smallrye-reactive-converter-mutiny/3.0.0/smallrye-reactive-converter-mutiny-3.0.0.jar:/Users/juliagustafsson/.m2/repository/io/smallrye/reactive/mutiny-zero-flow-adapters/1.0.0/mutiny-zero-flow-adapters-1.0.0.jar:/Users/juliagustafsson/.m2/repository/org/jboss/narayana/jta/narayana-jta/6.0.1.Final/narayana-jta-6.0.1.Final.jar:/Users/juliagustafsson/.m2/repository/jakarta/resource/jakarta.resource-api/2.0.0/jakarta.resource-api-2.0.0.jar:/Users/juliagustafsson/.m2/repository/org/jboss/invocation/jboss-invocation/2.0.0.Final/jboss-invocation-2.0.0.Final.jar:/Users/juliagustafsson/.m2/repository/jakarta/ejb/jakarta.ejb-api/4.0.1/jakarta.ejb-api-4.0.1.jar:/Users/juliagustafsson/.m2/repository/org/eclipse/microprofile/reactive-streams-operators/microprofile-reactive-streams-operators-api/3.0/microprofile-reactive-streams-operators-api-3.0.jar:/Users/juliagustafsson/.m2/repository/org/jboss/narayana/jts/narayana-jts-integration/6.0.1.Final/narayana-jts-integration-6.0.1.Final.jar:/Users/juliagustafsson/.m2/repository/org/hibernate/orm/hibernate-core/6.2.5.Final/hibernate-core-6.2.5.Final.jar:/Users/juliagustafsson/.m2/repository/com/fasterxml/classmate/1.5.1/classmate-1.5.1.jar:/Users/juliagustafsson/.m2/repository/org/antlr/antlr4-runtime/4.10.1/antlr4-runtime-4.10.1.jar:/Users/juliagustafsson/.m2/repository/net/bytebuddy/byte-buddy/1.12.18/byte-buddy-1.12.18.jar:/Users/juliagustafsson/.m2/repository/org/hibernate/common/hibernate-commons-annotations/6.0.6.Final/hibernate-commons-annotations-6.0.6.Final.jar:/Users/juliagustafsson/.m2/repository/org/hibernate/orm/hibernate-graalvm/6.2.5.Final/hibernate-graalvm-6.2.5.Final.jar:/Users/juliagustafsson/.m2/repository/org/glassfish/jaxb/jaxb-runtime/4.0.2/jaxb-runtime-4.0.2.jar:/Users/juliagustafsson/.m2/repository/org/glassfish/jaxb/jaxb-core/4.0.2/jaxb-core-4.0.2.jar:/Users/juliagustafsson/.m2/repository/org/eclipse/angus/angus-activation/2.0.1/angus-activation-2.0.1.jar:/Users/juliagustafsson/.m2/repository/org/glassfish/jaxb/txw2/4.0.2/txw2-4.0.2.jar:/Users/juliagustafsson/.m2/repository/com/sun/istack/istack-commons-runtime/4.1.1/istack-commons-runtime-4.1.1.jar:/Users/juliagustafsson/.m2/repository/jakarta/xml/bind/jakarta.xml.bind-api/4.0.0/jakarta.xml.bind-api-4.0.0.jar:/Users/juliagustafsson/.m2/repository/jakarta/activation/jakarta.activation-api/2.1.2/jakarta.activation-api-2.1.2.jar:/Users/juliagustafsson/.m2/repository/jakarta/transaction/jakarta.transaction-api/2.0.1/jakarta.transaction-api-2.0.1.jar:/Users/juliagustafsson/.m2/repository/org/hibernate/quarkus-local-cache/0.2.1/quarkus-local-cache-0.2.1.jar:/Users/juliagustafsson/.m2/repository/io/quarkus/quarkus-caffeine/3.1.3.Final/quarkus-caffeine-3.1.3.Final.jar:/Users/juliagustafsson/.m2/repository/com/github/ben-manes/caffeine/caffeine/3.1.5/caffeine-3.1.5.jar:/Users/juliagustafsson/.m2/repository/com/google/errorprone/error_prone_annotations/2.19.1/error_prone_annotations-2.19.1.jar:/Users/juliagustafsson/.m2/repository/io/quarkus/quarkus-hibernate-orm-panache-common/3.1.3.Final/quarkus-hibernate-orm-panache-common-3.1.3.Final.jar:/Users/juliagustafsson/.m2/repository/io/quarkus/quarkus-panache-hibernate-common/3.1.3.Final/quarkus-panache-hibernate-common-3.1.3.Final.jar:/Users/juliagustafsson/.m2/repository/io/quarkus/quarkus-panache-common/3.1.3.Final/quarkus-panache-common-3.1.3.Final.jar:/Users/juliagustafsson/.m2/repository/io/quarkus/quarkus-jdbc-mysql/3.1.3.Final/quarkus-jdbc-mysql-3.1.3.Final.jar:/Users/juliagustafsson/.m2/repository/mysql/mysql-connector-java/8.0.30/mysql-connector-java-8.0.30.jar:/Users/juliagustafsson/.m2/repository/io/quarkus/quarkus-arc/3.1.3.Final/quarkus-arc-3.1.3.Final.jar:/Users/juliagustafsson/.m2/repository/io/quarkus/arc/arc/3.1.3.Final/arc-3.1.3.Final.jar:/Users/juliagustafsson/.m2/repository/jakarta/enterprise/jakarta.enterprise.cdi-api/4.0.1/jakarta.enterprise.cdi-api-4.0.1.jar:/Users/juliagustafsson/.m2/repository/jakarta/enterprise/jakarta.enterprise.lang-model/4.0.1/jakarta.enterprise.lang-model-4.0.1.jar:/Users/juliagustafsson/.m2/repository/jakarta/el/jakarta.el-api/5.0.1/jakarta.el-api-5.0.1.jar:/Users/juliagustafsson/.m2/repository/jakarta/interceptor/jakarta.interceptor-api/2.1.0/jakarta.interceptor-api-2.1.0.jar:/Users/juliagustafsson/.m2/repository/jakarta/annotation/jakarta.annotation-api/2.1.1/jakarta.annotation-api-2.1.1.jar:/Users/juliagustafsson/.m2/repository/io/smallrye/reactive/mutiny/2.3.1/mutiny-2.3.1.jar:/Users/juliagustafsson/.m2/repository/io/smallrye/common/smallrye-common-annotation/2.1.0/smallrye-common-annotation-2.1.0.jar:/Users/juliagustafsson/.m2/repository/org/jboss/logging/jboss-logging/3.5.1.Final/jboss-logging-3.5.1.Final.jar:/Users/juliagustafsson/.m2/repository/io/quarkus/quarkus-core/3.1.3.Final/quarkus-core-3.1.3.Final.jar:/Users/juliagustafsson/.m2/repository/jakarta/inject/jakarta.inject-api/2.0.1/jakarta.inject-api-2.0.1.jar:/Users/juliagustafsson/.m2/repository/io/smallrye/common/smallrye-common-os/2.1.0/smallrye-common-os-2.1.0.jar:/Users/juliagustafsson/.m2/repository/io/quarkus/quarkus-ide-launcher/3.1.3.Final/quarkus-ide-launcher-3.1.3.Final.jar:/Users/juliagustafsson/.m2/repository/io/quarkus/quarkus-development-mode-spi/3.1.3.Final/quarkus-development-mode-spi-3.1.3.Final.jar:/Users/juliagustafsson/.m2/repository/io/smallrye/config/smallrye-config/3.2.1/smallrye-config-3.2.1.jar:/Users/juliagustafsson/.m2/repository/io/smallrye/config/smallrye-config-core/3.2.1/smallrye-config-core-3.2.1.jar:/Users/juliagustafsson/.m2/repository/io/smallrye/common/smallrye-common-expression/2.1.0/smallrye-common-expression-2.1.0.jar:/Users/juliagustafsson/.m2/repository/io/smallrye/common/smallrye-common-function/2.1.0/smallrye-common-function-2.1.0.jar:/Users/juliagustafsson/.m2/repository/io/smallrye/common/smallrye-common-classloader/2.1.0/smallrye-common-classloader-2.1.0.jar:/Users/juliagustafsson/.m2/repository/io/smallrye/config/smallrye-config-common/3.2.1/smallrye-config-common-3.2.1.jar:/Users/juliagustafsson/.m2/repository/org/jboss/logmanager/jboss-logmanager-embedded/1.1.1/jboss-logmanager-embedded-1.1.1.jar:/Users/juliagustafsson/.m2/repository/org/jboss/logging/jboss-logging-annotations/2.2.1.Final/jboss-logging-annotations-2.2.1.Final.jar:/Users/juliagustafsson/.m2/repository/org/jboss/threads/jboss-threads/3.5.0.Final/jboss-threads-3.5.0.Final.jar:/Users/juliagustafsson/.m2/repository/org/slf4j/slf4j-api/2.0.6/slf4j-api-2.0.6.jar:/Users/juliagustafsson/.m2/repository/org/jboss/slf4j/slf4j-jboss-logmanager/2.0.0.Final/slf4j-jboss-logmanager-2.0.0.Final.jar:/Users/juliagustafsson/.m2/repository/org/graalvm/sdk/graal-sdk/22.3.2/graal-sdk-22.3.2.jar:/Users/juliagustafsson/.m2/repository/org/wildfly/common/wildfly-common/1.5.4.Final-format-001/wildfly-common-1.5.4.Final-format-001.jar:/Users/juliagustafsson/.m2/repository/io/quarkus/quarkus-bootstrap-runner/3.1.3.Final/quarkus-bootstrap-runner-3.1.3.Final.jar:/Users/juliagustafsson/.m2/repository/io/quarkus/quarkus-fs-util/0.0.9/quarkus-fs-util-0.0.9.jar:/Users/juliagustafsson/.m2/repository/org/eclipse/microprofile/context-propagation/microprofile-context-propagation-api/1.3/microprofile-context-propagation-api-1.3.jar:/Users/juliagustafsson/.m2/repository/io/quarkus/quarkus-junit5/3.1.3.Final/quarkus-junit5-3.1.3.Final.jar:/Users/juliagustafsson/.m2/repository/io/quarkus/quarkus-bootstrap-core/3.1.3.Final/quarkus-bootstrap-core-3.1.3.Final.jar:/Users/juliagustafsson/.m2/repository/io/quarkus/quarkus-bootstrap-app-model/3.1.3.Final/quarkus-bootstrap-app-model-3.1.3.Final.jar:/Users/juliagustafsson/.m2/repository/io/smallrye/common/smallrye-common-io/2.1.0/smallrye-common-io-2.1.0.jar:/Users/juliagustafsson/.m2/repository/org/eclipse/sisu/org.eclipse.sisu.inject/0.3.5/org.eclipse.sisu.inject-0.3.5.jar:/Users/juliagustafsson/.m2/repository/io/quarkus/quarkus-test-common/3.1.3.Final/quarkus-test-common-3.1.3.Final.jar:/Users/juliagustafsson/.m2/repository/io/quarkus/quarkus-core-deployment/3.1.3.Final/quarkus-core-deployment-3.1.3.Final.jar:/Users/juliagustafsson/.m2/repository/org/aesh/readline/2.4/readline-2.4.jar:/Users/juliagustafsson/.m2/repository/org/fusesource/jansi/jansi/2.4.0/jansi-2.4.0.jar:/Users/juliagustafsson/.m2/repository/org/aesh/aesh/2.7/aesh-2.7.jar:/Users/juliagustafsson/.m2/repository/io/quarkus/gizmo/gizmo/1.6.1.Final/gizmo-1.6.1.Final.jar:/Users/juliagustafsson/.m2/repository/org/ow2/asm/asm-util/9.5/asm-util-9.5.jar:/Users/juliagustafsson/.m2/repository/org/ow2/asm/asm-analysis/9.5/asm-analysis-9.5.jar:/Users/juliagustafsson/.m2/repository/org/ow2/asm/asm/9.5/asm-9.5.jar:/Users/juliagustafsson/.m2/repository/org/ow2/asm/asm-commons/9.5/asm-commons-9.5.jar:/Users/juliagustafsson/.m2/repository/org/ow2/asm/asm-tree/9.5/asm-tree-9.5.jar:/Users/juliagustafsson/.m2/repository/io/quarkus/quarkus-class-change-agent/3.1.3.Final/quarkus-class-change-agent-3.1.3.Final.jar:/Users/juliagustafsson/.m2/repository/io/quarkus/quarkus-devtools-utilities/3.1.3.Final/quarkus-devtools-utilities-3.1.3.Final.jar:/Users/juliagustafsson/.m2/repository/io/quarkus/quarkus-builder/3.1.3.Final/quarkus-builder-3.1.3.Final.jar:/Users/juliagustafsson/.m2/repository/org/junit/platform/junit-platform-launcher/1.9.3/junit-platform-launcher-1.9.3.jar:/Users/juliagustafsson/.m2/repository/io/quarkus/quarkus-bootstrap-maven-resolver/3.1.3.Final/quarkus-bootstrap-maven-resolver-3.1.3.Final.jar:/Users/juliagustafsson/.m2/repository/io/smallrye/beanbag/smallrye-beanbag-maven/1.3.2/smallrye-beanbag-maven-1.3.2.jar:/Users/juliagustafsson/.m2/repository/io/smallrye/beanbag/smallrye-beanbag-sisu/1.3.2/smallrye-beanbag-sisu-1.3.2.jar:/Users/juliagustafsson/.m2/repository/io/smallrye/beanbag/smallrye-beanbag/1.3.2/smallrye-beanbag-1.3.2.jar:/Users/juliagustafsson/.m2/repository/javax/inject/javax.inject/1/javax.inject-1.jar:/Users/juliagustafsson/.m2/repository/org/apache/maven/maven-artifact/3.9.2/maven-artifact-3.9.2.jar:/Users/juliagustafsson/.m2/repository/org/apache/maven/maven-builder-support/3.9.2/maven-builder-support-3.9.2.jar:/Users/juliagustafsson/.m2/repository/org/apache/maven/maven-model/3.9.2/maven-model-3.9.2.jar:/Users/juliagustafsson/.m2/repository/org/apache/maven/maven-model-builder/3.9.2/maven-model-builder-3.9.2.jar:/Users/juliagustafsson/.m2/repository/org/apache/maven/maven-repository-metadata/3.9.2/maven-repository-metadata-3.9.2.jar:/Users/juliagustafsson/.m2/repository/org/apache/maven/maven-settings/3.9.2/maven-settings-3.9.2.jar:/Users/juliagustafsson/.m2/repository/org/apache/maven/resolver/maven-resolver-api/1.9.10/maven-resolver-api-1.9.10.jar:/Users/juliagustafsson/.m2/repository/org/apache/maven/resolver/maven-resolver-impl/1.9.10/maven-resolver-impl-1.9.10.jar:/Users/juliagustafsson/.m2/repository/org/apache/maven/resolver/maven-resolver-named-locks/1.9.10/maven-resolver-named-locks-1.9.10.jar:/Users/juliagustafsson/.m2/repository/org/apache/maven/resolver/maven-resolver-spi/1.9.10/maven-resolver-spi-1.9.10.jar:/Users/juliagustafsson/.m2/repository/org/apache/maven/resolver/maven-resolver-util/1.9.10/maven-resolver-util-1.9.10.jar:/Users/juliagustafsson/.m2/repository/org/apache/maven/resolver/maven-resolver-transport-http/1.9.10/maven-resolver-transport-http-1.9.10.jar:/Users/juliagustafsson/.m2/repository/org/apache/maven/wagon/wagon-provider-api/3.5.3/wagon-provider-api-3.5.3.jar:/Users/juliagustafsson/.m2/repository/org/apache/maven/wagon/wagon-http-shared/3.5.3/wagon-http-shared-3.5.3.jar:/Users/juliagustafsson/.m2/repository/org/codehaus/plexus/plexus-interpolation/1.26/plexus-interpolation-1.26.jar:/Users/juliagustafsson/.m2/repository/org/codehaus/plexus/plexus-utils/3.5.1/plexus-utils-3.5.1.jar:/Users/juliagustafsson/.m2/repository/org/codehaus/plexus/plexus-xml/4.0.0/plexus-xml-4.0.0.jar:/Users/juliagustafsson/.m2/repository/org/apache/maven/maven-xml-impl/4.0.0-alpha-5/maven-xml-impl-4.0.0-alpha-5.jar:/Users/juliagustafsson/.m2/repository/org/apache/maven/maven-api-xml/4.0.0-alpha-5/maven-api-xml-4.0.0-alpha-5.jar:/Users/juliagustafsson/.m2/repository/org/apache/maven/maven-api-meta/4.0.0-alpha-5/maven-api-meta-4.0.0-alpha-5.jar:/Users/juliagustafsson/.m2/repository/org/codehaus/plexus/plexus-cipher/2.0/plexus-cipher-2.0.jar:/Users/juliagustafsson/.m2/repository/org/codehaus/plexus/plexus-sec-dispatcher/2.0/plexus-sec-dispatcher-2.0.jar:/Users/juliagustafsson/.m2/repository/org/apache/maven/maven-embedder/3.9.2/maven-embedder-3.9.2.jar:/Users/juliagustafsson/.m2/repository/org/apache/maven/maven-core/3.9.2/maven-core-3.9.2.jar:/Users/juliagustafsson/.m2/repository/org/codehaus/plexus/plexus-component-annotations/2.1.0/plexus-component-annotations-2.1.0.jar:/Users/juliagustafsson/.m2/repository/org/apache/maven/maven-plugin-api/3.9.2/maven-plugin-api-3.9.2.jar:/Users/juliagustafsson/.m2/repository/org/apache/maven/shared/maven-shared-utils/3.3.4/maven-shared-utils-3.3.4.jar:/Users/juliagustafsson/.m2/repository/com/google/inject/guice/5.1.0/guice-5.1.0.jar:/Users/juliagustafsson/.m2/repository/aopalliance/aopalliance/1.0/aopalliance-1.0.jar:/Users/juliagustafsson/.m2/repository/com/google/guava/guava/31.1-jre/guava-31.1-jre.jar:/Users/juliagustafsson/.m2/repository/com/google/guava/failureaccess/1.0.1/failureaccess-1.0.1.jar:/Users/juliagustafsson/.m2/repository/javax/annotation/javax.annotation-api/1.3.2/javax.annotation-api-1.3.2.jar:/Users/juliagustafsson/.m2/repository/org/codehaus/plexus/plexus-classworlds/2.6.0/plexus-classworlds-2.6.0.jar:/Users/juliagustafsson/.m2/repository/commons-cli/commons-cli/1.5.0/commons-cli-1.5.0.jar:/Users/juliagustafsson/.m2/repository/org/eclipse/sisu/org.eclipse.sisu.plexus/0.3.5/org.eclipse.sisu.plexus-0.3.5.jar:/Users/juliagustafsson/.m2/repository/org/apache/maven/maven-settings-builder/3.9.2/maven-settings-builder-3.9.2.jar:/Users/juliagustafsson/.m2/repository/org/apache/maven/maven-resolver-provider/3.9.2/maven-resolver-provider-3.9.2.jar:/Users/juliagustafsson/.m2/repository/org/apache/maven/resolver/maven-resolver-connector-basic/1.9.10/maven-resolver-connector-basic-1.9.10.jar:/Users/juliagustafsson/.m2/repository/org/apache/maven/resolver/maven-resolver-transport-wagon/1.9.10/maven-resolver-transport-wagon-1.9.10.jar:/Users/juliagustafsson/.m2/repository/org/apache/maven/wagon/wagon-http/3.5.3/wagon-http-3.5.3.jar:/Users/juliagustafsson/.m2/repository/org/apache/maven/wagon/wagon-file/3.5.3/wagon-file-3.5.3.jar:/Users/juliagustafsson/.m2/repository/io/quarkus/quarkus-bootstrap-gradle-resolver/3.1.3.Final/quarkus-bootstrap-gradle-resolver-3.1.3.Final.jar:/Users/juliagustafsson/.m2/repository/io/smallrye/jandex/3.1.1/jandex-3.1.1.jar:/Users/juliagustafsson/.m2/repository/commons-io/commons-io/2.11.0/commons-io-2.11.0.jar:/Users/juliagustafsson/.m2/repository/org/jboss/logging/commons-logging-jboss-logging/1.0.0.Final/commons-logging-jboss-logging-1.0.0.Final.jar:/Users/juliagustafsson/.m2/repository/io/quarkus/quarkus-junit5-properties/3.1.3.Final/quarkus-junit5-properties-3.1.3.Final.jar:/Users/juliagustafsson/.m2/repository/org/junit/jupiter/junit-jupiter/5.9.3/junit-jupiter-5.9.3.jar:/Users/juliagustafsson/.m2/repository/org/junit/jupiter/junit-jupiter-api/5.9.3/junit-jupiter-api-5.9.3.jar:/Users/juliagustafsson/.m2/repository/org/opentest4j/opentest4j/1.2.0/opentest4j-1.2.0.jar:/Users/juliagustafsson/.m2/repository/org/junit/platform/junit-platform-commons/1.9.3/junit-platform-commons-1.9.3.jar:/Users/juliagustafsson/.m2/repository/org/apiguardian/apiguardian-api/1.1.2/apiguardian-api-1.1.2.jar:/Users/juliagustafsson/.m2/repository/org/junit/jupiter/junit-jupiter-params/5.9.3/junit-jupiter-params-5.9.3.jar:/Users/juliagustafsson/.m2/repository/org/junit/jupiter/junit-jupiter-engine/5.9.3/junit-jupiter-engine-5.9.3.jar:/Users/juliagustafsson/.m2/repository/org/junit/platform/junit-platform-engine/1.9.3/junit-platform-engine-1.9.3.jar:/Users/juliagustafsson/.m2/repository/com/thoughtworks/xstream/xstream/1.4.20/xstream-1.4.20.jar:/Users/juliagustafsson/.m2/repository/io/github/x-stream/mxparser/1.2.2/mxparser-1.2.2.jar:/Users/juliagustafsson/.m2/repository/xmlpull/xmlpull/1.1.3.1/xmlpull-1.1.3.1.jar:/Users/juliagustafsson/.m2/repository/io/quarkus/quarkus-smallrye-openapi/3.1.3.Final/quarkus-smallrye-openapi-3.1.3.Final.jar:/Users/juliagustafsson/.m2/repository/io/smallrye/smallrye-open-api-core/3.3.4/smallrye-open-api-core-3.3.4.jar:/Users/juliagustafsson/.m2/repository/org/eclipse/microprofile/openapi/microprofile-openapi-api/3.1/microprofile-openapi-api-3.1.jar:/Users/juliagustafsson/.m2/repository/org/eclipse/microprofile/config/microprofile-config-api/3.0.3/microprofile-config-api-3.0.3.jar:/Users/juliagustafsson/.m2/repository/com/fasterxml/jackson/core/jackson-core/2.15.2/jackson-core-2.15.2.jar:/Users/juliagustafsson/.m2/repository/com/fasterxml/jackson/core/jackson-databind/2.15.2/jackson-databind-2.15.2.jar:/Users/juliagustafsson/.m2/repository/com/fasterxml/jackson/core/jackson-annotations/2.15.2/jackson-annotations-2.15.2.jar:/Users/juliagustafsson/.m2/repository/com/fasterxml/jackson/dataformat/jackson-dataformat-yaml/2.15.2/jackson-dataformat-yaml-2.15.2.jar:/Users/juliagustafsson/.m2/repository/org/yaml/snakeyaml/2.0/snakeyaml-2.0.jar:/Users/juliagustafsson/.m2/repository/io/quarkus/quarkus-vertx-http/3.1.3.Final/quarkus-vertx-http-3.1.3.Final.jar:/Users/juliagustafsson/.m2/repository/io/quarkus/quarkus-security-runtime-spi/3.1.3.Final/quarkus-security-runtime-spi-3.1.3.Final.jar:/Users/juliagustafsson/.m2/repository/io/quarkus/quarkus-credentials/3.1.3.Final/quarkus-credentials-3.1.3.Final.jar:/Users/juliagustafsson/.m2/repository/io/quarkus/quarkus-mutiny/3.1.3.Final/quarkus-mutiny-3.1.3.Final.jar:/Users/juliagustafsson/.m2/repository/io/quarkus/quarkus-smallrye-context-propagation/3.1.3.Final/quarkus-smallrye-context-propagation-3.1.3.Final.jar:/Users/juliagustafsson/.m2/repository/io/smallrye/smallrye-context-propagation/2.1.0/smallrye-context-propagation-2.1.0.jar:/Users/juliagustafsson/.m2/repository/io/smallrye/smallrye-context-propagation-api/2.1.0/smallrye-context-propagation-api-2.1.0.jar:/Users/juliagustafsson/.m2/repository/io/smallrye/smallrye-context-propagation-storage/2.1.0/smallrye-context-propagation-storage-2.1.0.jar:/Users/juliagustafsson/.m2/repository/io/smallrye/reactive/mutiny-smallrye-context-propagation/2.3.1/mutiny-smallrye-context-propagation-2.3.1.jar:/Users/juliagustafsson/.m2/repository/io/smallrye/common/smallrye-common-vertx-context/2.1.0/smallrye-common-vertx-context-2.1.0.jar:/Users/juliagustafsson/.m2/repository/io/vertx/vertx-core/4.4.4/vertx-core-4.4.4.jar:/Users/juliagustafsson/.m2/repository/io/netty/netty-common/4.1.94.Final/netty-common-4.1.94.Final.jar:/Users/juliagustafsson/.m2/repository/io/netty/netty-buffer/4.1.94.Final/netty-buffer-4.1.94.Final.jar:/Users/juliagustafsson/.m2/repository/io/netty/netty-transport/4.1.94.Final/netty-transport-4.1.94.Final.jar:/Users/juliagustafsson/.m2/repository/io/netty/netty-handler/4.1.94.Final/netty-handler-4.1.94.Final.jar:/Users/juliagustafsson/.m2/repository/io/netty/netty-transport-native-unix-common/4.1.94.Final/netty-transport-native-unix-common-4.1.94.Final.jar:/Users/juliagustafsson/.m2/repository/io/netty/netty-handler-proxy/4.1.94.Final/netty-handler-proxy-4.1.94.Final.jar:/Users/juliagustafsson/.m2/repository/io/netty/netty-codec-socks/4.1.94.Final/netty-codec-socks-4.1.94.Final.jar:/Users/juliagustafsson/.m2/repository/io/netty/netty-codec-http/4.1.94.Final/netty-codec-http-4.1.94.Final.jar:/Users/juliagustafsson/.m2/repository/io/netty/netty-codec-http2/4.1.94.Final/netty-codec-http2-4.1.94.Final.jar:/Users/juliagustafsson/.m2/repository/io/netty/netty-resolver/4.1.94.Final/netty-resolver-4.1.94.Final.jar:/Users/juliagustafsson/.m2/repository/io/netty/netty-resolver-dns/4.1.94.Final/netty-resolver-dns-4.1.94.Final.jar:/Users/juliagustafsson/.m2/repository/io/netty/netty-codec-dns/4.1.94.Final/netty-codec-dns-4.1.94.Final.jar:/Users/juliagustafsson/.m2/repository/io/smallrye/common/smallrye-common-constraint/2.1.0/smallrye-common-constraint-2.1.0.jar:/Users/juliagustafsson/.m2/repository/io/quarkus/quarkus-vertx-http-dev-console-runtime-spi/3.1.3.Final/quarkus-vertx-http-dev-console-runtime-spi-3.1.3.Final.jar:/Users/juliagustafsson/.m2/repository/io/quarkus/security/quarkus-security/2.0.2.Final/quarkus-security-2.0.2.Final.jar:/Users/juliagustafsson/.m2/repository/io/quarkus/quarkus-vertx/3.1.3.Final/quarkus-vertx-3.1.3.Final.jar:/Users/juliagustafsson/.m2/repository/io/quarkus/quarkus-netty/3.1.3.Final/quarkus-netty-3.1.3.Final.jar:/Users/juliagustafsson/.m2/repository/io/netty/netty-codec/4.1.94.Final/netty-codec-4.1.94.Final.jar:/Users/juliagustafsson/.m2/repository/com/aayushatharva/brotli4j/brotli4j/1.12.0/brotli4j-1.12.0.jar:/Users/juliagustafsson/.m2/repository/com/aayushatharva/brotli4j/service/1.12.0/service-1.12.0.jar:/Users/juliagustafsson/.m2/repository/com/aayushatharva/brotli4j/native-osx-aarch64/1.12.0/native-osx-aarch64-1.12.0.jar:/Users/juliagustafsson/.m2/repository/io/netty/netty-codec-haproxy/4.1.94.Final/netty-codec-haproxy-4.1.94.Final.jar:/Users/juliagustafsson/.m2/repository/io/quarkus/quarkus-vertx-latebound-mdc-provider/3.1.3.Final/quarkus-vertx-latebound-mdc-provider-3.1.3.Final.jar:/Users/juliagustafsson/.m2/repository/io/smallrye/smallrye-fault-tolerance-vertx/6.2.3/smallrye-fault-tolerance-vertx-6.2.3.jar:/Users/juliagustafsson/.m2/repository/io/smallrye/reactive/smallrye-mutiny-vertx-web/3.5.0/smallrye-mutiny-vertx-web-3.5.0.jar:/Users/juliagustafsson/.m2/repository/io/smallrye/reactive/smallrye-mutiny-vertx-web-common/3.5.0/smallrye-mutiny-vertx-web-common-3.5.0.jar:/Users/juliagustafsson/.m2/repository/io/smallrye/reactive/smallrye-mutiny-vertx-auth-common/3.5.0/smallrye-mutiny-vertx-auth-common-3.5.0.jar:/Users/juliagustafsson/.m2/repository/io/smallrye/reactive/smallrye-mutiny-vertx-bridge-common/3.5.0/smallrye-mutiny-vertx-bridge-common-3.5.0.jar:/Users/juliagustafsson/.m2/repository/io/smallrye/reactive/smallrye-mutiny-vertx-uri-template/3.5.0/smallrye-mutiny-vertx-uri-template-3.5.0.jar:/Users/juliagustafsson/.m2/repository/io/vertx/vertx-uri-template/4.4.4/vertx-uri-template-4.4.4.jar:/Users/juliagustafsson/.m2/repository/io/vertx/vertx-web/4.4.4/vertx-web-4.4.4.jar:/Users/juliagustafsson/.m2/repository/io/vertx/vertx-web-common/4.4.4/vertx-web-common-4.4.4.jar:/Users/juliagustafsson/.m2/repository/io/vertx/vertx-auth-common/4.4.4/vertx-auth-common-4.4.4.jar:/Users/juliagustafsson/.m2/repository/io/vertx/vertx-bridge-common/4.4.4/vertx-bridge-common-4.4.4.jar:/Users/juliagustafsson/.m2/repository/io/github/crac/org-crac/0.1.3/org-crac-0.1.3.jar:/Users/juliagustafsson/.m2/repository/io/quarkus/quarkus-swagger-ui/3.1.3.Final/quarkus-swagger-ui-3.1.3.Final.jar:/Users/juliagustafsson/.m2/repository/io/rest-assured/rest-assured/5.3.0/rest-assured-5.3.0.jar:/Users/juliagustafsson/.m2/repository/org/apache/groovy/groovy/4.0.6/groovy-4.0.6.jar:/Users/juliagustafsson/.m2/repository/org/apache/groovy/groovy-xml/4.0.6/groovy-xml-4.0.6.jar:/Users/juliagustafsson/.m2/repository/org/apache/httpcomponents/httpclient/4.5.14/httpclient-4.5.14.jar:/Users/juliagustafsson/.m2/repository/org/apache/httpcomponents/httpcore/4.4.16/httpcore-4.4.16.jar:/Users/juliagustafsson/.m2/repository/commons-codec/commons-codec/1.15/commons-codec-1.15.jar:/Users/juliagustafsson/.m2/repository/org/apache/httpcomponents/httpmime/4.5.14/httpmime-4.5.14.jar:/Users/juliagustafsson/.m2/repository/org/hamcrest/hamcrest/2.1/hamcrest-2.1.jar:/Users/juliagustafsson/.m2/repository/org/ccil/cowan/tagsoup/tagsoup/1.2.1/tagsoup-1.2.1.jar:/Users/juliagustafsson/.m2/repository/io/rest-assured/json-path/5.3.0/json-path-5.3.0.jar:/Users/juliagustafsson/.m2/repository/org/apache/groovy/groovy-json/4.0.6/groovy-json-4.0.6.jar:/Users/juliagustafsson/.m2/repository/io/rest-assured/rest-assured-common/5.3.0/rest-assured-common-5.3.0.jar:/Users/juliagustafsson/.m2/repository/io/rest-assured/xml-path/5.3.0/xml-path-5.3.0.jar:/Users/juliagustafsson/.m2/repository/org/apache/commons/commons-lang3/3.12.0/commons-lang3-3.12.0.jar:"/>
    <property name="java.vm.vendor" value="Oracle Corporation"/>
    <property name="sun.arch.data.model" value="64"/>
    <property name="quarkusRegistryClient" value="true"/>
    <property name="java.vendor.url" value="https://java.oracle.com/"/>
    <property name="user.timezone" value="Europe/Stockholm"/>
    <property name="logging.initial-configurator.min-level" value="500"/>
    <property name="os.name" value="Mac OS X"/>
    <property name="java.vm.specification.version" value="17"/>
    <property name="sun.java.launcher" value="SUN_STANDARD"/>
    <property name="user.country" value="SE"/>
    <property name="mp.openapi.extensions.smallrye.defaultProduces" value="application/json"/>
    <property name="sun.boot.library.path" value="/Library/Java/JavaVirtualMachines/jdk-17.0.5.jdk/Contents/Home/lib"/>
    <property name="sun.java.command" value="/Users/juliagustafsson/Documents/Speedment/Github/freeCodeCamp-tutorial/target/surefire/surefirebooter-20230901151423807_3.jar /Users/juliagustafsson/Documents/Speedment/Github/freeCodeCamp-tutorial/target/surefire 2023-09-01T15-14-23_758-jvmRun1 surefire-20230901151423807_1tmp surefire_0-20230901151423807_2tmp"/>
    <property name="http.nonProxyHosts" value="local|*.local|169.254/16|*.169.254/16"/>
    <property name="jdk.debug" value="release"/>
    <property name="maven.home" value="/Users/juliagustafsson/.m2/wrapper/dists/apache-maven-3.8.8-bin/67c30f74/apache-maven-3.8.8"/>
    <property name="surefire.test.class.path" value="/Users/juliagustafsson/Documents/Speedment/Github/freeCodeCamp-tutorial/target/test-classes:/Users/juliagustafsson/Documents/Speedment/Github/freeCodeCamp-tutorial/target/classes:/Users/juliagustafsson/.m2/repository/io/quarkus/quarkus-resteasy-reactive-jackson/3.1.3.Final/quarkus-resteasy-reactive-jackson-3.1.3.Final.jar:/Users/juliagustafsson/.m2/repository/io/quarkus/quarkus-resteasy-reactive/3.1.3.Final/quarkus-resteasy-reactive-3.1.3.Final.jar:/Users/juliagustafsson/.m2/repository/io/quarkus/quarkus-resteasy-reactive-common/3.1.3.Final/quarkus-resteasy-reactive-common-3.1.3.Final.jar:/Users/juliagustafsson/.m2/repository/io/quarkus/resteasy/reactive/resteasy-reactive-common/3.1.3.Final/resteasy-reactive-common-3.1.3.Final.jar:/Users/juliagustafsson/.m2/repository/io/quarkus/resteasy/reactive/resteasy-reactive-common-types/3.1.3.Final/resteasy-reactive-common-types-3.1.3.Final.jar:/Users/juliagustafsson/.m2/repository/org/reactivestreams/reactive-streams/1.0.4/reactive-streams-1.0.4.jar:/Users/juliagustafsson/.m2/repository/io/quarkus/resteasy/reactive/resteasy-reactive-vertx/3.1.3.Final/resteasy-reactive-vertx-3.1.3.Final.jar:/Users/juliagustafsson/.m2/repository/io/smallrye/reactive/smallrye-mutiny-vertx-core/3.5.0/smallrye-mutiny-vertx-core-3.5.0.jar:/Users/juliagustafsson/.m2/repository/io/smallrye/reactive/smallrye-mutiny-vertx-runtime/3.5.0/smallrye-mutiny-vertx-runtime-3.5.0.jar:/Users/juliagustafsson/.m2/repository/io/smallrye/reactive/vertx-mutiny-generator/3.5.0/vertx-mutiny-generator-3.5.0.jar:/Users/juliagustafsson/.m2/repository/io/vertx/vertx-codegen/4.4.4/vertx-codegen-4.4.4.jar:/Users/juliagustafsson/.m2/repository/io/quarkus/resteasy/reactive/resteasy-reactive/3.1.3.Final/resteasy-reactive-3.1.3.Final.jar:/Users/juliagustafsson/.m2/repository/jakarta/ws/rs/jakarta.ws.rs-api/3.1.0/jakarta.ws.rs-api-3.1.0.jar:/Users/juliagustafsson/.m2/repository/io/quarkus/quarkus-jsonp/3.1.3.Final/quarkus-jsonp-3.1.3.Final.jar:/Users/juliagustafsson/.m2/repository/org/eclipse/parsson/parsson/1.1.1/parsson-1.1.1.jar:/Users/juliagustafsson/.m2/repository/jakarta/json/jakarta.json-api/2.1.1/jakarta.json-api-2.1.1.jar:/Users/juliagustafsson/.m2/repository/io/quarkus/quarkus-resteasy-reactive-jackson-common/3.1.3.Final/quarkus-resteasy-reactive-jackson-common-3.1.3.Final.jar:/Users/juliagustafsson/.m2/repository/io/quarkus/resteasy/reactive/resteasy-reactive-jackson/3.1.3.Final/resteasy-reactive-jackson-3.1.3.Final.jar:/Users/juliagustafsson/.m2/repository/io/quarkus/quarkus-jackson/3.1.3.Final/quarkus-jackson-3.1.3.Final.jar:/Users/juliagustafsson/.m2/repository/com/fasterxml/jackson/datatype/jackson-datatype-jsr310/2.15.2/jackson-datatype-jsr310-2.15.2.jar:/Users/juliagustafsson/.m2/repository/com/fasterxml/jackson/datatype/jackson-datatype-jdk8/2.15.2/jackson-datatype-jdk8-2.15.2.jar:/Users/juliagustafsson/.m2/repository/com/fasterxml/jackson/module/jackson-module-parameter-names/2.15.2/jackson-module-parameter-names-2.15.2.jar:/Users/juliagustafsson/.m2/repository/io/quarkiverse/jpastreamer/quarkus-jpastreamer/3.0.3.Final/quarkus-jpastreamer-3.0.3.Final.jar:/Users/juliagustafsson/.m2/repository/com/speedment/jpastreamer/jpastreamer-core/3.0.4/jpastreamer-core-3.0.4.jar:/Users/juliagustafsson/.m2/repository/jakarta/persistence/jakarta.persistence-api/3.1.0/jakarta.persistence-api-3.1.0.jar:/Users/juliagustafsson/.m2/repository/com/speedment/jpastreamer/field/3.0.4/field-3.0.4.jar:/Users/juliagustafsson/.m2/repository/com/speedment/common/invariant/3.2.10/invariant-3.2.10.jar:/Users/juliagustafsson/.m2/repository/com/speedment/common/function/3.2.10/function-3.2.10.jar:/Users/juliagustafsson/.m2/repository/com/speedment/runtime/runtime-compute/3.2.10/runtime-compute-3.2.10.jar:/Users/juliagustafsson/.m2/repository/com/speedment/jpastreamer/application-standard/3.0.4/application-standard-3.0.4.jar:/Users/juliagustafsson/.m2/repository/com/speedment/jpastreamer/application/3.0.4/application-3.0.4.jar:/Users/juliagustafsson/.m2/repository/com/speedment/jpastreamer/projection/3.0.4/projection-3.0.4.jar:/Users/juliagustafsson/.m2/repository/com/speedment/jpastreamer/pipeline/3.0.4/pipeline-3.0.4.jar:/Users/juliagustafsson/.m2/repository/com/speedment/jpastreamer/streamconfiguration/3.0.4/streamconfiguration-3.0.4.jar:/Users/juliagustafsson/.m2/repository/com/speedment/jpastreamer/renderer/3.0.4/renderer-3.0.4.jar:/Users/juliagustafsson/.m2/repository/com/speedment/jpastreamer/builder/3.0.4/builder-3.0.4.jar:/Users/juliagustafsson/.m2/repository/com/speedment/jpastreamer/autoclose/3.0.4/autoclose-3.0.4.jar:/Users/juliagustafsson/.m2/repository/com/speedment/jpastreamer/appinfo/3.0.4/appinfo-3.0.4.jar:/Users/juliagustafsson/.m2/repository/com/speedment/jpastreamer/rootfactory/3.0.4/rootfactory-3.0.4.jar:/Users/juliagustafsson/.m2/repository/com/speedment/jpastreamer/streamconfiguration-standard/3.0.4/streamconfiguration-standard-3.0.4.jar:/Users/juliagustafsson/.m2/repository/com/speedment/jpastreamer/pipeline-standard/3.0.4/pipeline-standard-3.0.4.jar:/Users/juliagustafsson/.m2/repository/com/speedment/jpastreamer/javasixteen/3.0.4/javasixteen-3.0.4.jar:/Users/juliagustafsson/.m2/repository/com/speedment/jpastreamer/renderer-standard/3.0.4/renderer-standard-3.0.4.jar:/Users/juliagustafsson/.m2/repository/com/speedment/jpastreamer/criteria/3.0.4/criteria-3.0.4.jar:/Users/juliagustafsson/.m2/repository/com/speedment/jpastreamer/merger/3.0.4/merger-3.0.4.jar:/Users/juliagustafsson/.m2/repository/com/speedment/jpastreamer/interopoptimizer/3.0.4/interopoptimizer-3.0.4.jar:/Users/juliagustafsson/.m2/repository/com/speedment/jpastreamer/termopmodifier/3.0.4/termopmodifier-3.0.4.jar:/Users/juliagustafsson/.m2/repository/com/speedment/jpastreamer/termopoptimizer/3.0.4/termopoptimizer-3.0.4.jar:/Users/juliagustafsson/.m2/repository/com/speedment/jpastreamer/criteria-standard/3.0.4/criteria-standard-3.0.4.jar:/Users/juliagustafsson/.m2/repository/com/speedment/jpastreamer/exception/3.0.4/exception-3.0.4.jar:/Users/juliagustafsson/.m2/repository/com/speedment/jpastreamer/merger-standard/3.0.4/merger-standard-3.0.4.jar:/Users/juliagustafsson/.m2/repository/com/speedment/jpastreamer/builder-standard/3.0.4/builder-standard-3.0.4.jar:/Users/juliagustafsson/.m2/repository/com/speedment/jpastreamer/autoclose-standard/3.0.4/autoclose-standard-3.0.4.jar:/Users/juliagustafsson/.m2/repository/com/speedment/jpastreamer/interopoptimizer-standard/3.0.4/interopoptimizer-standard-3.0.4.jar:/Users/juliagustafsson/.m2/repository/com/speedment/jpastreamer/fieldgenerator-standard/3.0.4/fieldgenerator-standard-3.0.4.jar:/Users/juliagustafsson/.m2/repository/com/speedment/common/codegen/3.2.10/codegen-3.2.10.jar:/Users/juliagustafsson/.m2/repository/com/google/auto/service/auto-service-annotations/1.0.1/auto-service-annotations-1.0.1.jar:/Users/juliagustafsson/.m2/repository/com/speedment/jpastreamer/appinfo-standard/3.0.4/appinfo-standard-3.0.4.jar:/Users/juliagustafsson/.m2/repository/com/speedment/jpastreamer/termopmodifier-standard/3.0.4/termopmodifier-standard-3.0.4.jar:/Users/juliagustafsson/.m2/repository/com/speedment/jpastreamer/termopoptimizer-standard/3.0.4/termopoptimizer-standard-3.0.4.jar:/Users/juliagustafsson/.m2/repository/com/speedment/jpastreamer/announcer/3.0.4/announcer-3.0.4.jar:/Users/juliagustafsson/.m2/repository/io/quarkus/quarkus-hibernate-orm-panache/3.1.3.Final/quarkus-hibernate-orm-panache-3.1.3.Final.jar:/Users/juliagustafsson/.m2/repository/io/quarkus/quarkus-hibernate-orm/3.1.3.Final/quarkus-hibernate-orm-3.1.3.Final.jar:/Users/juliagustafsson/.m2/repository/io/quarkus/quarkus-agroal/3.1.3.Final/quarkus-agroal-3.1.3.Final.jar:/Users/juliagustafsson/.m2/repository/io/quarkus/quarkus-datasource/3.1.3.Final/quarkus-datasource-3.1.3.Final.jar:/Users/juliagustafsson/.m2/repository/io/quarkus/quarkus-datasource-common/3.1.3.Final/quarkus-datasource-common-3.1.3.Final.jar:/Users/juliagustafsson/.m2/repository/io/agroal/agroal-api/2.1/agroal-api-2.1.jar:/Users/juliagustafsson/.m2/repository/io/agroal/agroal-narayana/2.1/agroal-narayana-2.1.jar:/Users/juliagustafsson/.m2/repository/org/jboss/jboss-transaction-spi/8.0.0.Final/jboss-transaction-spi-8.0.0.Final.jar:/Users/juliagustafsson/.m2/repository/io/agroal/agroal-pool/2.1/agroal-pool-2.1.jar:/Users/juliagustafsson/.m2/repository/io/quarkus/quarkus-narayana-jta/3.1.3.Final/quarkus-narayana-jta-3.1.3.Final.jar:/Users/juliagustafsson/.m2/repository/io/quarkus/quarkus-transaction-annotations/3.1.3.Final/quarkus-transaction-annotations-3.1.3.Final.jar:/Users/juliagustafsson/.m2/repository/io/smallrye/smallrye-context-propagation-jta/2.1.0/smallrye-context-propagation-jta-2.1.0.jar:/Users/juliagustafsson/.m2/repository/io/smallrye/reactive/smallrye-reactive-converter-api/3.0.0/smallrye-reactive-converter-api-3.0.0.jar:/Users/juliagustafsson/.m2/repository/io/smallrye/reactive/smallrye-reactive-converter-mutiny/3.0.0/smallrye-reactive-converter-mutiny-3.0.0.jar:/Users/juliagustafsson/.m2/repository/io/smallrye/reactive/mutiny-zero-flow-adapters/1.0.0/mutiny-zero-flow-adapters-1.0.0.jar:/Users/juliagustafsson/.m2/repository/org/jboss/narayana/jta/narayana-jta/6.0.1.Final/narayana-jta-6.0.1.Final.jar:/Users/juliagustafsson/.m2/repository/jakarta/resource/jakarta.resource-api/2.0.0/jakarta.resource-api-2.0.0.jar:/Users/juliagustafsson/.m2/repository/org/jboss/invocation/jboss-invocation/2.0.0.Final/jboss-invocation-2.0.0.Final.jar:/Users/juliagustafsson/.m2/repository/jakarta/ejb/jakarta.ejb-api/4.0.1/jakarta.ejb-api-4.0.1.jar:/Users/juliagustafsson/.m2/repository/org/eclipse/microprofile/reactive-streams-operators/microprofile-reactive-streams-operators-api/3.0/microprofile-reactive-streams-operators-api-3.0.jar:/Users/juliagustafsson/.m2/repository/org/jboss/narayana/jts/narayana-jts-integration/6.0.1.Final/narayana-jts-integration-6.0.1.Final.jar:/Users/juliagustafsson/.m2/repository/org/hibernate/orm/hibernate-core/6.2.5.Final/hibernate-core-6.2.5.Final.jar:/Users/juliagustafsson/.m2/repository/com/fasterxml/classmate/1.5.1/classmate-1.5.1.jar:/Users/juliagustafsson/.m2/repository/org/antlr/antlr4-runtime/4.10.1/antlr4-runtime-4.10.1.jar:/Users/juliagustafsson/.m2/repository/net/bytebuddy/byte-buddy/1.12.18/byte-buddy-1.12.18.jar:/Users/juliagustafsson/.m2/repository/org/hibernate/common/hibernate-commons-annotations/6.0.6.Final/hibernate-commons-annotations-6.0.6.Final.jar:/Users/juliagustafsson/.m2/repository/org/hibernate/orm/hibernate-graalvm/6.2.5.Final/hibernate-graalvm-6.2.5.Final.jar:/Users/juliagustafsson/.m2/repository/org/glassfish/jaxb/jaxb-runtime/4.0.2/jaxb-runtime-4.0.2.jar:/Users/juliagustafsson/.m2/repository/org/glassfish/jaxb/jaxb-core/4.0.2/jaxb-core-4.0.2.jar:/Users/juliagustafsson/.m2/repository/org/eclipse/angus/angus-activation/2.0.1/angus-activation-2.0.1.jar:/Users/juliagustafsson/.m2/repository/org/glassfish/jaxb/txw2/4.0.2/txw2-4.0.2.jar:/Users/juliagustafsson/.m2/repository/com/sun/istack/istack-commons-runtime/4.1.1/istack-commons-runtime-4.1.1.jar:/Users/juliagustafsson/.m2/repository/jakarta/xml/bind/jakarta.xml.bind-api/4.0.0/jakarta.xml.bind-api-4.0.0.jar:/Users/juliagustafsson/.m2/repository/jakarta/activation/jakarta.activation-api/2.1.2/jakarta.activation-api-2.1.2.jar:/Users/juliagustafsson/.m2/repository/jakarta/transaction/jakarta.transaction-api/2.0.1/jakarta.transaction-api-2.0.1.jar:/Users/juliagustafsson/.m2/repository/org/hibernate/quarkus-local-cache/0.2.1/quarkus-local-cache-0.2.1.jar:/Users/juliagustafsson/.m2/repository/io/quarkus/quarkus-caffeine/3.1.3.Final/quarkus-caffeine-3.1.3.Final.jar:/Users/juliagustafsson/.m2/repository/com/github/ben-manes/caffeine/caffeine/3.1.5/caffeine-3.1.5.jar:/Users/juliagustafsson/.m2/repository/com/google/errorprone/error_prone_annotations/2.19.1/error_prone_annotations-2.19.1.jar:/Users/juliagustafsson/.m2/repository/io/quarkus/quarkus-hibernate-orm-panache-common/3.1.3.Final/quarkus-hibernate-orm-panache-common-3.1.3.Final.jar:/Users/juliagustafsson/.m2/repository/io/quarkus/quarkus-panache-hibernate-common/3.1.3.Final/quarkus-panache-hibernate-common-3.1.3.Final.jar:/Users/juliagustafsson/.m2/repository/io/quarkus/quarkus-panache-common/3.1.3.Final/quarkus-panache-common-3.1.3.Final.jar:/Users/juliagustafsson/.m2/repository/io/quarkus/quarkus-jdbc-mysql/3.1.3.Final/quarkus-jdbc-mysql-3.1.3.Final.jar:/Users/juliagustafsson/.m2/repository/mysql/mysql-connector-java/8.0.30/mysql-connector-java-8.0.30.jar:/Users/juliagustafsson/.m2/repository/io/quarkus/quarkus-arc/3.1.3.Final/quarkus-arc-3.1.3.Final.jar:/Users/juliagustafsson/.m2/repository/io/quarkus/arc/arc/3.1.3.Final/arc-3.1.3.Final.jar:/Users/juliagustafsson/.m2/repository/jakarta/enterprise/jakarta.enterprise.cdi-api/4.0.1/jakarta.enterprise.cdi-api-4.0.1.jar:/Users/juliagustafsson/.m2/repository/jakarta/enterprise/jakarta.enterprise.lang-model/4.0.1/jakarta.enterprise.lang-model-4.0.1.jar:/Users/juliagustafsson/.m2/repository/jakarta/el/jakarta.el-api/5.0.1/jakarta.el-api-5.0.1.jar:/Users/juliagustafsson/.m2/repository/jakarta/interceptor/jakarta.interceptor-api/2.1.0/jakarta.interceptor-api-2.1.0.jar:/Users/juliagustafsson/.m2/repository/jakarta/annotation/jakarta.annotation-api/2.1.1/jakarta.annotation-api-2.1.1.jar:/Users/juliagustafsson/.m2/repository/io/smallrye/reactive/mutiny/2.3.1/mutiny-2.3.1.jar:/Users/juliagustafsson/.m2/repository/io/smallrye/common/smallrye-common-annotation/2.1.0/smallrye-common-annotation-2.1.0.jar:/Users/juliagustafsson/.m2/repository/org/jboss/logging/jboss-logging/3.5.1.Final/jboss-logging-3.5.1.Final.jar:/Users/juliagustafsson/.m2/repository/io/quarkus/quarkus-core/3.1.3.Final/quarkus-core-3.1.3.Final.jar:/Users/juliagustafsson/.m2/repository/jakarta/inject/jakarta.inject-api/2.0.1/jakarta.inject-api-2.0.1.jar:/Users/juliagustafsson/.m2/repository/io/smallrye/common/smallrye-common-os/2.1.0/smallrye-common-os-2.1.0.jar:/Users/juliagustafsson/.m2/repository/io/quarkus/quarkus-ide-launcher/3.1.3.Final/quarkus-ide-launcher-3.1.3.Final.jar:/Users/juliagustafsson/.m2/repository/io/quarkus/quarkus-development-mode-spi/3.1.3.Final/quarkus-development-mode-spi-3.1.3.Final.jar:/Users/juliagustafsson/.m2/repository/io/smallrye/config/smallrye-config/3.2.1/smallrye-config-3.2.1.jar:/Users/juliagustafsson/.m2/repository/io/smallrye/config/smallrye-config-core/3.2.1/smallrye-config-core-3.2.1.jar:/Users/juliagustafsson/.m2/repository/io/smallrye/common/smallrye-common-expression/2.1.0/smallrye-common-expression-2.1.0.jar:/Users/juliagustafsson/.m2/repository/io/smallrye/common/smallrye-common-function/2.1.0/smallrye-common-function-2.1.0.jar:/Users/juliagustafsson/.m2/repository/io/smallrye/common/smallrye-common-classloader/2.1.0/smallrye-common-classloader-2.1.0.jar:/Users/juliagustafsson/.m2/repository/io/smallrye/config/smallrye-config-common/3.2.1/smallrye-config-common-3.2.1.jar:/Users/juliagustafsson/.m2/repository/org/jboss/logmanager/jboss-logmanager-embedded/1.1.1/jboss-logmanager-embedded-1.1.1.jar:/Users/juliagustafsson/.m2/repository/org/jboss/logging/jboss-logging-annotations/2.2.1.Final/jboss-logging-annotations-2.2.1.Final.jar:/Users/juliagustafsson/.m2/repository/org/jboss/threads/jboss-threads/3.5.0.Final/jboss-threads-3.5.0.Final.jar:/Users/juliagustafsson/.m2/repository/org/slf4j/slf4j-api/2.0.6/slf4j-api-2.0.6.jar:/Users/juliagustafsson/.m2/repository/org/jboss/slf4j/slf4j-jboss-logmanager/2.0.0.Final/slf4j-jboss-logmanager-2.0.0.Final.jar:/Users/juliagustafsson/.m2/repository/org/graalvm/sdk/graal-sdk/22.3.2/graal-sdk-22.3.2.jar:/Users/juliagustafsson/.m2/repository/org/wildfly/common/wildfly-common/1.5.4.Final-format-001/wildfly-common-1.5.4.Final-format-001.jar:/Users/juliagustafsson/.m2/repository/io/quarkus/quarkus-bootstrap-runner/3.1.3.Final/quarkus-bootstrap-runner-3.1.3.Final.jar:/Users/juliagustafsson/.m2/repository/io/quarkus/quarkus-fs-util/0.0.9/quarkus-fs-util-0.0.9.jar:/Users/juliagustafsson/.m2/repository/org/eclipse/microprofile/context-propagation/microprofile-context-propagation-api/1.3/microprofile-context-propagation-api-1.3.jar:/Users/juliagustafsson/.m2/repository/io/quarkus/quarkus-junit5/3.1.3.Final/quarkus-junit5-3.1.3.Final.jar:/Users/juliagustafsson/.m2/repository/io/quarkus/quarkus-bootstrap-core/3.1.3.Final/quarkus-bootstrap-core-3.1.3.Final.jar:/Users/juliagustafsson/.m2/repository/io/quarkus/quarkus-bootstrap-app-model/3.1.3.Final/quarkus-bootstrap-app-model-3.1.3.Final.jar:/Users/juliagustafsson/.m2/repository/io/smallrye/common/smallrye-common-io/2.1.0/smallrye-common-io-2.1.0.jar:/Users/juliagustafsson/.m2/repository/org/eclipse/sisu/org.eclipse.sisu.inject/0.3.5/org.eclipse.sisu.inject-0.3.5.jar:/Users/juliagustafsson/.m2/repository/io/quarkus/quarkus-test-common/3.1.3.Final/quarkus-test-common-3.1.3.Final.jar:/Users/juliagustafsson/.m2/repository/io/quarkus/quarkus-core-deployment/3.1.3.Final/quarkus-core-deployment-3.1.3.Final.jar:/Users/juliagustafsson/.m2/repository/org/aesh/readline/2.4/readline-2.4.jar:/Users/juliagustafsson/.m2/repository/org/fusesource/jansi/jansi/2.4.0/jansi-2.4.0.jar:/Users/juliagustafsson/.m2/repository/org/aesh/aesh/2.7/aesh-2.7.jar:/Users/juliagustafsson/.m2/repository/io/quarkus/gizmo/gizmo/1.6.1.Final/gizmo-1.6.1.Final.jar:/Users/juliagustafsson/.m2/repository/org/ow2/asm/asm-util/9.5/asm-util-9.5.jar:/Users/juliagustafsson/.m2/repository/org/ow2/asm/asm-analysis/9.5/asm-analysis-9.5.jar:/Users/juliagustafsson/.m2/repository/org/ow2/asm/asm/9.5/asm-9.5.jar:/Users/juliagustafsson/.m2/repository/org/ow2/asm/asm-commons/9.5/asm-commons-9.5.jar:/Users/juliagustafsson/.m2/repository/org/ow2/asm/asm-tree/9.5/asm-tree-9.5.jar:/Users/juliagustafsson/.m2/repository/io/quarkus/quarkus-class-change-agent/3.1.3.Final/quarkus-class-change-agent-3.1.3.Final.jar:/Users/juliagustafsson/.m2/repository/io/quarkus/quarkus-devtools-utilities/3.1.3.Final/quarkus-devtools-utilities-3.1.3.Final.jar:/Users/juliagustafsson/.m2/repository/io/quarkus/quarkus-builder/3.1.3.Final/quarkus-builder-3.1.3.Final.jar:/Users/juliagustafsson/.m2/repository/org/junit/platform/junit-platform-launcher/1.9.3/junit-platform-launcher-1.9.3.jar:/Users/juliagustafsson/.m2/repository/io/quarkus/quarkus-bootstrap-maven-resolver/3.1.3.Final/quarkus-bootstrap-maven-resolver-3.1.3.Final.jar:/Users/juliagustafsson/.m2/repository/io/smallrye/beanbag/smallrye-beanbag-maven/1.3.2/smallrye-beanbag-maven-1.3.2.jar:/Users/juliagustafsson/.m2/repository/io/smallrye/beanbag/smallrye-beanbag-sisu/1.3.2/smallrye-beanbag-sisu-1.3.2.jar:/Users/juliagustafsson/.m2/repository/io/smallrye/beanbag/smallrye-beanbag/1.3.2/smallrye-beanbag-1.3.2.jar:/Users/juliagustafsson/.m2/repository/javax/inject/javax.inject/1/javax.inject-1.jar:/Users/juliagustafsson/.m2/repository/org/apache/maven/maven-artifact/3.9.2/maven-artifact-3.9.2.jar:/Users/juliagustafsson/.m2/repository/org/apache/maven/maven-builder-support/3.9.2/maven-builder-support-3.9.2.jar:/Users/juliagustafsson/.m2/repository/org/apache/maven/maven-model/3.9.2/maven-model-3.9.2.jar:/Users/juliagustafsson/.m2/repository/org/apache/maven/maven-model-builder/3.9.2/maven-model-builder-3.9.2.jar:/Users/juliagustafsson/.m2/repository/org/apache/maven/maven-repository-metadata/3.9.2/maven-repository-metadata-3.9.2.jar:/Users/juliagustafsson/.m2/repository/org/apache/maven/maven-settings/3.9.2/maven-settings-3.9.2.jar:/Users/juliagustafsson/.m2/repository/org/apache/maven/resolver/maven-resolver-api/1.9.10/maven-resolver-api-1.9.10.jar:/Users/juliagustafsson/.m2/repository/org/apache/maven/resolver/maven-resolver-impl/1.9.10/maven-resolver-impl-1.9.10.jar:/Users/juliagustafsson/.m2/repository/org/apache/maven/resolver/maven-resolver-named-locks/1.9.10/maven-resolver-named-locks-1.9.10.jar:/Users/juliagustafsson/.m2/repository/org/apache/maven/resolver/maven-resolver-spi/1.9.10/maven-resolver-spi-1.9.10.jar:/Users/juliagustafsson/.m2/repository/org/apache/maven/resolver/maven-resolver-util/1.9.10/maven-resolver-util-1.9.10.jar:/Users/juliagustafsson/.m2/repository/org/apache/maven/resolver/maven-resolver-transport-http/1.9.10/maven-resolver-transport-http-1.9.10.jar:/Users/juliagustafsson/.m2/repository/org/apache/maven/wagon/wagon-provider-api/3.5.3/wagon-provider-api-3.5.3.jar:/Users/juliagustafsson/.m2/repository/org/apache/maven/wagon/wagon-http-shared/3.5.3/wagon-http-shared-3.5.3.jar:/Users/juliagustafsson/.m2/repository/org/codehaus/plexus/plexus-interpolation/1.26/plexus-interpolation-1.26.jar:/Users/juliagustafsson/.m2/repository/org/codehaus/plexus/plexus-utils/3.5.1/plexus-utils-3.5.1.jar:/Users/juliagustafsson/.m2/repository/org/codehaus/plexus/plexus-xml/4.0.0/plexus-xml-4.0.0.jar:/Users/juliagustafsson/.m2/repository/org/apache/maven/maven-xml-impl/4.0.0-alpha-5/maven-xml-impl-4.0.0-alpha-5.jar:/Users/juliagustafsson/.m2/repository/org/apache/maven/maven-api-xml/4.0.0-alpha-5/maven-api-xml-4.0.0-alpha-5.jar:/Users/juliagustafsson/.m2/repository/org/apache/maven/maven-api-meta/4.0.0-alpha-5/maven-api-meta-4.0.0-alpha-5.jar:/Users/juliagustafsson/.m2/repository/org/codehaus/plexus/plexus-cipher/2.0/plexus-cipher-2.0.jar:/Users/juliagustafsson/.m2/repository/org/codehaus/plexus/plexus-sec-dispatcher/2.0/plexus-sec-dispatcher-2.0.jar:/Users/juliagustafsson/.m2/repository/org/apache/maven/maven-embedder/3.9.2/maven-embedder-3.9.2.jar:/Users/juliagustafsson/.m2/repository/org/apache/maven/maven-core/3.9.2/maven-core-3.9.2.jar:/Users/juliagustafsson/.m2/repository/org/codehaus/plexus/plexus-component-annotations/2.1.0/plexus-component-annotations-2.1.0.jar:/Users/juliagustafsson/.m2/repository/org/apache/maven/maven-plugin-api/3.9.2/maven-plugin-api-3.9.2.jar:/Users/juliagustafsson/.m2/repository/org/apache/maven/shared/maven-shared-utils/3.3.4/maven-shared-utils-3.3.4.jar:/Users/juliagustafsson/.m2/repository/com/google/inject/guice/5.1.0/guice-5.1.0.jar:/Users/juliagustafsson/.m2/repository/aopalliance/aopalliance/1.0/aopalliance-1.0.jar:/Users/juliagustafsson/.m2/repository/com/google/guava/guava/31.1-jre/guava-31.1-jre.jar:/Users/juliagustafsson/.m2/repository/com/google/guava/failureaccess/1.0.1/failureaccess-1.0.1.jar:/Users/juliagustafsson/.m2/repository/javax/annotation/javax.annotation-api/1.3.2/javax.annotation-api-1.3.2.jar:/Users/juliagustafsson/.m2/repository/org/codehaus/plexus/plexus-classworlds/2.6.0/plexus-classworlds-2.6.0.jar:/Users/juliagustafsson/.m2/repository/commons-cli/commons-cli/1.5.0/commons-cli-1.5.0.jar:/Users/juliagustafsson/.m2/repository/org/eclipse/sisu/org.eclipse.sisu.plexus/0.3.5/org.eclipse.sisu.plexus-0.3.5.jar:/Users/juliagustafsson/.m2/repository/org/apache/maven/maven-settings-builder/3.9.2/maven-settings-builder-3.9.2.jar:/Users/juliagustafsson/.m2/repository/org/apache/maven/maven-resolver-provider/3.9.2/maven-resolver-provider-3.9.2.jar:/Users/juliagustafsson/.m2/repository/org/apache/maven/resolver/maven-resolver-connector-basic/1.9.10/maven-resolver-connector-basic-1.9.10.jar:/Users/juliagustafsson/.m2/repository/org/apache/maven/resolver/maven-resolver-transport-wagon/1.9.10/maven-resolver-transport-wagon-1.9.10.jar:/Users/juliagustafsson/.m2/repository/org/apache/maven/wagon/wagon-http/3.5.3/wagon-http-3.5.3.jar:/Users/juliagustafsson/.m2/repository/org/apache/maven/wagon/wagon-file/3.5.3/wagon-file-3.5.3.jar:/Users/juliagustafsson/.m2/repository/io/quarkus/quarkus-bootstrap-gradle-resolver/3.1.3.Final/quarkus-bootstrap-gradle-resolver-3.1.3.Final.jar:/Users/juliagustafsson/.m2/repository/io/smallrye/jandex/3.1.1/jandex-3.1.1.jar:/Users/juliagustafsson/.m2/repository/commons-io/commons-io/2.11.0/commons-io-2.11.0.jar:/Users/juliagustafsson/.m2/repository/org/jboss/logging/commons-logging-jboss-logging/1.0.0.Final/commons-logging-jboss-logging-1.0.0.Final.jar:/Users/juliagustafsson/.m2/repository/io/quarkus/quarkus-junit5-properties/3.1.3.Final/quarkus-junit5-properties-3.1.3.Final.jar:/Users/juliagustafsson/.m2/repository/org/junit/jupiter/junit-jupiter/5.9.3/junit-jupiter-5.9.3.jar:/Users/juliagustafsson/.m2/repository/org/junit/jupiter/junit-jupiter-api/5.9.3/junit-jupiter-api-5.9.3.jar:/Users/juliagustafsson/.m2/repository/org/opentest4j/opentest4j/1.2.0/opentest4j-1.2.0.jar:/Users/juliagustafsson/.m2/repository/org/junit/platform/junit-platform-commons/1.9.3/junit-platform-commons-1.9.3.jar:/Users/juliagustafsson/.m2/repository/org/apiguardian/apiguardian-api/1.1.2/apiguardian-api-1.1.2.jar:/Users/juliagustafsson/.m2/repository/org/junit/jupiter/junit-jupiter-params/5.9.3/junit-jupiter-params-5.9.3.jar:/Users/juliagustafsson/.m2/repository/org/junit/jupiter/junit-jupiter-engine/5.9.3/junit-jupiter-engine-5.9.3.jar:/Users/juliagustafsson/.m2/repository/org/junit/platform/junit-platform-engine/1.9.3/junit-platform-engine-1.9.3.jar:/Users/juliagustafsson/.m2/repository/com/thoughtworks/xstream/xstream/1.4.20/xstream-1.4.20.jar:/Users/juliagustafsson/.m2/repository/io/github/x-stream/mxparser/1.2.2/mxparser-1.2.2.jar:/Users/juliagustafsson/.m2/repository/xmlpull/xmlpull/1.1.3.1/xmlpull-1.1.3.1.jar:/Users/juliagustafsson/.m2/repository/io/quarkus/quarkus-smallrye-openapi/3.1.3.Final/quarkus-smallrye-openapi-3.1.3.Final.jar:/Users/juliagustafsson/.m2/repository/io/smallrye/smallrye-open-api-core/3.3.4/smallrye-open-api-core-3.3.4.jar:/Users/juliagustafsson/.m2/repository/org/eclipse/microprofile/openapi/microprofile-openapi-api/3.1/microprofile-openapi-api-3.1.jar:/Users/juliagustafsson/.m2/repository/org/eclipse/microprofile/config/microprofile-config-api/3.0.3/microprofile-config-api-3.0.3.jar:/Users/juliagustafsson/.m2/repository/com/fasterxml/jackson/core/jackson-core/2.15.2/jackson-core-2.15.2.jar:/Users/juliagustafsson/.m2/repository/com/fasterxml/jackson/core/jackson-databind/2.15.2/jackson-databind-2.15.2.jar:/Users/juliagustafsson/.m2/repository/com/fasterxml/jackson/core/jackson-annotations/2.15.2/jackson-annotations-2.15.2.jar:/Users/juliagustafsson/.m2/repository/com/fasterxml/jackson/dataformat/jackson-dataformat-yaml/2.15.2/jackson-dataformat-yaml-2.15.2.jar:/Users/juliagustafsson/.m2/repository/org/yaml/snakeyaml/2.0/snakeyaml-2.0.jar:/Users/juliagustafsson/.m2/repository/io/quarkus/quarkus-vertx-http/3.1.3.Final/quarkus-vertx-http-3.1.3.Final.jar:/Users/juliagustafsson/.m2/repository/io/quarkus/quarkus-security-runtime-spi/3.1.3.Final/quarkus-security-runtime-spi-3.1.3.Final.jar:/Users/juliagustafsson/.m2/repository/io/quarkus/quarkus-credentials/3.1.3.Final/quarkus-credentials-3.1.3.Final.jar:/Users/juliagustafsson/.m2/repository/io/quarkus/quarkus-mutiny/3.1.3.Final/quarkus-mutiny-3.1.3.Final.jar:/Users/juliagustafsson/.m2/repository/io/quarkus/quarkus-smallrye-context-propagation/3.1.3.Final/quarkus-smallrye-context-propagation-3.1.3.Final.jar:/Users/juliagustafsson/.m2/repository/io/smallrye/smallrye-context-propagation/2.1.0/smallrye-context-propagation-2.1.0.jar:/Users/juliagustafsson/.m2/repository/io/smallrye/smallrye-context-propagation-api/2.1.0/smallrye-context-propagation-api-2.1.0.jar:/Users/juliagustafsson/.m2/repository/io/smallrye/smallrye-context-propagation-storage/2.1.0/smallrye-context-propagation-storage-2.1.0.jar:/Users/juliagustafsson/.m2/repository/io/smallrye/reactive/mutiny-smallrye-context-propagation/2.3.1/mutiny-smallrye-context-propagation-2.3.1.jar:/Users/juliagustafsson/.m2/repository/io/smallrye/common/smallrye-common-vertx-context/2.1.0/smallrye-common-vertx-context-2.1.0.jar:/Users/juliagustafsson/.m2/repository/io/vertx/vertx-core/4.4.4/vertx-core-4.4.4.jar:/Users/juliagustafsson/.m2/repository/io/netty/netty-common/4.1.94.Final/netty-common-4.1.94.Final.jar:/Users/juliagustafsson/.m2/repository/io/netty/netty-buffer/4.1.94.Final/netty-buffer-4.1.94.Final.jar:/Users/juliagustafsson/.m2/repository/io/netty/netty-transport/4.1.94.Final/netty-transport-4.1.94.Final.jar:/Users/juliagustafsson/.m2/repository/io/netty/netty-handler/4.1.94.Final/netty-handler-4.1.94.Final.jar:/Users/juliagustafsson/.m2/repository/io/netty/netty-transport-native-unix-common/4.1.94.Final/netty-transport-native-unix-common-4.1.94.Final.jar:/Users/juliagustafsson/.m2/repository/io/netty/netty-handler-proxy/4.1.94.Final/netty-handler-proxy-4.1.94.Final.jar:/Users/juliagustafsson/.m2/repository/io/netty/netty-codec-socks/4.1.94.Final/netty-codec-socks-4.1.94.Final.jar:/Users/juliagustafsson/.m2/repository/io/netty/netty-codec-http/4.1.94.Final/netty-codec-http-4.1.94.Final.jar:/Users/juliagustafsson/.m2/repository/io/netty/netty-codec-http2/4.1.94.Final/netty-codec-http2-4.1.94.Final.jar:/Users/juliagustafsson/.m2/repository/io/netty/netty-resolver/4.1.94.Final/netty-resolver-4.1.94.Final.jar:/Users/juliagustafsson/.m2/repository/io/netty/netty-resolver-dns/4.1.94.Final/netty-resolver-dns-4.1.94.Final.jar:/Users/juliagustafsson/.m2/repository/io/netty/netty-codec-dns/4.1.94.Final/netty-codec-dns-4.1.94.Final.jar:/Users/juliagustafsson/.m2/repository/io/smallrye/common/smallrye-common-constraint/2.1.0/smallrye-common-constraint-2.1.0.jar:/Users/juliagustafsson/.m2/repository/io/quarkus/quarkus-vertx-http-dev-console-runtime-spi/3.1.3.Final/quarkus-vertx-http-dev-console-runtime-spi-3.1.3.Final.jar:/Users/juliagustafsson/.m2/repository/io/quarkus/security/quarkus-security/2.0.2.Final/quarkus-security-2.0.2.Final.jar:/Users/juliagustafsson/.m2/repository/io/quarkus/quarkus-vertx/3.1.3.Final/quarkus-vertx-3.1.3.Final.jar:/Users/juliagustafsson/.m2/repository/io/quarkus/quarkus-netty/3.1.3.Final/quarkus-netty-3.1.3.Final.jar:/Users/juliagustafsson/.m2/repository/io/netty/netty-codec/4.1.94.Final/netty-codec-4.1.94.Final.jar:/Users/juliagustafsson/.m2/repository/com/aayushatharva/brotli4j/brotli4j/1.12.0/brotli4j-1.12.0.jar:/Users/juliagustafsson/.m2/repository/com/aayushatharva/brotli4j/service/1.12.0/service-1.12.0.jar:/Users/juliagustafsson/.m2/repository/com/aayushatharva/brotli4j/native-osx-aarch64/1.12.0/native-osx-aarch64-1.12.0.jar:/Users/juliagustafsson/.m2/repository/io/netty/netty-codec-haproxy/4.1.94.Final/netty-codec-haproxy-4.1.94.Final.jar:/Users/juliagustafsson/.m2/repository/io/quarkus/quarkus-vertx-latebound-mdc-provider/3.1.3.Final/quarkus-vertx-latebound-mdc-provider-3.1.3.Final.jar:/Users/juliagustafsson/.m2/repository/io/smallrye/smallrye-fault-tolerance-vertx/6.2.3/smallrye-fault-tolerance-vertx-6.2.3.jar:/Users/juliagustafsson/.m2/repository/io/smallrye/reactive/smallrye-mutiny-vertx-web/3.5.0/smallrye-mutiny-vertx-web-3.5.0.jar:/Users/juliagustafsson/.m2/repository/io/smallrye/reactive/smallrye-mutiny-vertx-web-common/3.5.0/smallrye-mutiny-vertx-web-common-3.5.0.jar:/Users/juliagustafsson/.m2/repository/io/smallrye/reactive/smallrye-mutiny-vertx-auth-common/3.5.0/smallrye-mutiny-vertx-auth-common-3.5.0.jar:/Users/juliagustafsson/.m2/repository/io/smallrye/reactive/smallrye-mutiny-vertx-bridge-common/3.5.0/smallrye-mutiny-vertx-bridge-common-3.5.0.jar:/Users/juliagustafsson/.m2/repository/io/smallrye/reactive/smallrye-mutiny-vertx-uri-template/3.5.0/smallrye-mutiny-vertx-uri-template-3.5.0.jar:/Users/juliagustafsson/.m2/repository/io/vertx/vertx-uri-template/4.4.4/vertx-uri-template-4.4.4.jar:/Users/juliagustafsson/.m2/repository/io/vertx/vertx-web/4.4.4/vertx-web-4.4.4.jar:/Users/juliagustafsson/.m2/repository/io/vertx/vertx-web-common/4.4.4/vertx-web-common-4.4.4.jar:/Users/juliagustafsson/.m2/repository/io/vertx/vertx-auth-common/4.4.4/vertx-auth-common-4.4.4.jar:/Users/juliagustafsson/.m2/repository/io/vertx/vertx-bridge-common/4.4.4/vertx-bridge-common-4.4.4.jar:/Users/juliagustafsson/.m2/repository/io/github/crac/org-crac/0.1.3/org-crac-0.1.3.jar:/Users/juliagustafsson/.m2/repository/io/quarkus/quarkus-swagger-ui/3.1.3.Final/quarkus-swagger-ui-3.1.3.Final.jar:/Users/juliagustafsson/.m2/repository/io/rest-assured/rest-assured/5.3.0/rest-assured-5.3.0.jar:/Users/juliagustafsson/.m2/repository/org/apache/groovy/groovy/4.0.6/groovy-4.0.6.jar:/Users/juliagustafsson/.m2/repository/org/apache/groovy/groovy-xml/4.0.6/groovy-xml-4.0.6.jar:/Users/juliagustafsson/.m2/repository/org/apache/httpcomponents/httpclient/4.5.14/httpclient-4.5.14.jar:/Users/juliagustafsson/.m2/repository/org/apache/httpcomponents/httpcore/4.4.16/httpcore-4.4.16.jar:/Users/juliagustafsson/.m2/repository/commons-codec/commons-codec/1.15/commons-codec-1.15.jar:/Users/juliagustafsson/.m2/repository/org/apache/httpcomponents/httpmime/4.5.14/httpmime-4.5.14.jar:/Users/juliagustafsson/.m2/repository/org/hamcrest/hamcrest/2.1/hamcrest-2.1.jar:/Users/juliagustafsson/.m2/repository/org/ccil/cowan/tagsoup/tagsoup/1.2.1/tagsoup-1.2.1.jar:/Users/juliagustafsson/.m2/repository/io/rest-assured/json-path/5.3.0/json-path-5.3.0.jar:/Users/juliagustafsson/.m2/repository/org/apache/groovy/groovy-json/4.0.6/groovy-json-4.0.6.jar:/Users/juliagustafsson/.m2/repository/io/rest-assured/rest-assured-common/5.3.0/rest-assured-common-5.3.0.jar:/Users/juliagustafsson/.m2/repository/io/rest-assured/xml-path/5.3.0/xml-path-5.3.0.jar:/Users/juliagustafsson/.m2/repository/org/apache/commons/commons-lang3/3.12.0/commons-lang3-3.12.0.jar:"/>
    <property name="sun.cpu.endian" value="little"/>
    <property name="vertx.disableWebsockets" value="true"/>
    <property name="user.home" value="/Users/juliagustafsson"/>
    <property name="user.language" value="sv"/>
    <property name="jboss.log-version" value="false"/>
    <property name="java.specification.vendor" value="Oracle Corporation"/>
    <property name="io.netty.allocator.maxOrder" value="3"/>
    <property name="java.version.date" value="2022-10-18"/>
    <property name="java.home" value="/Library/Java/JavaVirtualMachines/jdk-17.0.5.jdk/Contents/Home"/>
    <property name="file.separator" value="/"/>
    <property name="style.color" value="always"/>
    <property name="basedir" value="/Users/juliagustafsson/Documents/Speedment/Github/freeCodeCamp-tutorial"/>
    <property name="java.vm.compressedOopsMode" value="Zero based"/>
    <property name="line.separator" value="&#10;"/>
    <property name="java.vm.specification.vendor" value="Oracle Corporation"/>
    <property name="java.specification.name" value="Java Platform API Specification"/>
    <property name="surefire.real.class.path" value="/Users/juliagustafsson/Documents/Speedment/Github/freeCodeCamp-tutorial/target/surefire/surefirebooter-20230901151423807_3.jar"/>
    <property name="sun.management.compiler" value="HotSpot 64-Bit Tiered Compilers"/>
    <property name="ftp.nonProxyHosts" value="local|*.local|169.254/16|*.169.254/16"/>
    <property name="java.runtime.version" value="17.0.5+9-LTS-191"/>
    <property name="user.name" value="juliagustafsson"/>
    <property name="com.mysql.cj.disableAbandonedConnectionCleanup" value="true"/>
    <property name="path.separator" value=":"/>
    <property name="os.version" value="13.5"/>
    <property name="java.runtime.name" value="Java(TM) SE Runtime Environment"/>
    <property name="file.encoding" value="UTF-8"/>
    <property name="java.vm.name" value="Java HotSpot(TM) 64-Bit Server VM"/>
    <property name="localRepository" value="/Users/juliagustafsson/.m2/repository"/>
    <property name="java.vendor.url.bug" value="https://bugreport.java.com/bugreport/"/>
    <property name="java.io.tmpdir" value="/var/folders/gj/xs4s8vms2894xc2q4h4hz63w0000gn/T/"/>
    <property name="quarkus.log.file.path" value="target/quarkus.log"/>
    <property name="java.version" value="17.0.5"/>
    <property name="java.util.concurrent.ForkJoinPool.common.threadFactory" value="io.quarkus.bootstrap.forkjoin.QuarkusForkJoinWorkerThreadFactory"/>
    <property name="user.dir" value="/Users/juliagustafsson/Documents/Speedment/Github/freeCodeCamp-tutorial"/>
    <property name="os.arch" value="aarch64"/>
    <property name="java.vm.specification.name" value="Java Virtual Machine Specification"/>
    <property name="vertx.disableDnsResolver" value="true"/>
    <property name="native.encoding" value="UTF-8"/>
    <property name="java.util.logging.manager" value="org.jboss.logmanager.LogManager"/>
    <property name="java.library.path" value="/Users/juliagustafsson/Library/Java/Extensions:/Library/Java/Extensions:/Network/Library/Java/Extensions:/System/Library/Java/Extensions:/usr/lib/java:."/>
    <property name="java.vm.info" value="mixed mode, sharing"/>
    <property name="java.vendor" value="Oracle Corporation"/>
    <property name="vertx.disableTCCL" value="true"/>
    <property name="java.vm.version" value="17.0.5+9-LTS-191"/>
    <property name="sun.io.unicode.encoding" value="UnicodeBig"/>
    <property name="io.netty.machineId" value="d6:92:02:23:e5:70:dd:a2"/>
    <property name="socksNonProxyHosts" value="local|*.local|169.254/16|*.169.254/16"/>
    <property name="java.class.version" value="61.0"/>
    <property name="mp.openapi.extensions.smallrye.defaultConsumes" value="application/json"/>
  </properties>
  <testcase name="test" classname="FilmRepositoryTest" time="0.464">
    <system-out><![CDATA[2023-09-01 15:14:29,087 INFO  [io.quarkus] (main) quarkus-tutorial 1.0.0-SNAPSHOT on JVM (powered by Quarkus 3.1.3.Final) started in 2.490s. Listening on: http://localhost:8081
2023-09-01 15:14:29,088 INFO  [io.quarkus] (main) Profile test activated. 
2023-09-01 15:14:29,088 INFO  [io.quarkus] (main) Installed features: [agroal, cdi, hibernate-orm, hibernate-orm-panache, jdbc-mysql, jpastreamer, narayana-jta, resteasy-reactive, resteasy-reactive-jackson, smallrye-context-propagation, smallrye-openapi, swagger-ui, vertx]
   _________  ___      _                                      
  |_  | ___ \/ _ \    | |                                     
    | | |_/ / /_\ \___| |_ _ __ ___  __ _ _ __ ___   ___ _ __ 
    | |  __/|  _  / __| __| '__/ _ \/ _` | '_ ` _ \ / _ \ '__|
/\__/ / |   | | | \__ \ |_| | |  __/ (_| | | | | | |  __/ |   
\____/\_|   \_| |_/___/\__|_|  \___|\__,_|_| |_| |_|\___|_|
:: JPAstreamer Open Source :: 3.0.4
Copyright Speedment, Inc.
Licensed under LGPL 2.1
Running under Java(TM) SE Runtime Environment 17.0.5+9-LTS-191
Hibernate: 
    select
        f1_0.film_id,
        f1_0.description,
        f1_0.language_id,
        f1_0.last_update,
        f1_0.length,
        f1_0.original_language_id,
        f1_0.rating,
        f1_0.rental_duration,
        f1_0.rental_rate,
        f1_0.replacement_cost,
        f1_0.special_features,
        f1_0.title 
    from
        film f1_0 
    where
        f1_0.film_id=? limit ?
]]></system-out>
  </testcase>
</testsuite>